<?xml version="1.0" encoding="UTF-8"?>
<testng-results ignored="0" total="1" passed="1" failed="0" skipped="0">
  <reporter-output>
  </reporter-output>
  <suite started-at="2020-05-16T12:22:23Z" name="Suite" finished-at="2020-05-16T12:23:56Z" duration-ms="92088">
    <groups>
      <group name="cucumber">
        <method signature="AbstractTestNGCucumberTests.feature(cucumber.api.testng.CucumberFeatureWrapper)[pri:0, instance:bdd.ups.runner.UpsTestRunner@14ec4505]" name="feature" class="cucumber.api.testng.AbstractTestNGCucumberTests"/>
      </group> <!-- cucumber -->
    </groups>
    <test started-at="2020-05-16T12:22:23Z" name="Test" finished-at="2020-05-16T12:23:56Z" duration-ms="92088">
      <class name="bdd.ups.runner.UpsTestRunner">
        <test-method is-config="true" signature="setUpClass()[pri:0, instance:bdd.ups.runner.UpsTestRunner@14ec4505]" started-at="2020-05-16T12:22:23Z" name="setUpClass" finished-at="2020-05-16T12:22:24Z" duration-ms="691" status="PASS">
          <reporter-output>
          </reporter-output>
        </test-method> <!-- setUpClass -->
        <test-method signature="feature(cucumber.api.testng.CucumberFeatureWrapper)[pri:0, instance:bdd.ups.runner.UpsTestRunner@14ec4505]" started-at="2020-05-16T12:22:24Z" name="feature" description="Runs Cucumber Feature" data-provider="features" finished-at="2020-05-16T12:23:54Z" duration-ms="89785" status="PASS">
          <params>
            <param index="0">
              <value>
                <![CDATA[Ups Tracking Feature]]>
              </value>
            </param>
          </params>
          <reporter-output>
          </reporter-output>
        </test-method> <!-- feature -->
        <test-method is-config="true" signature="generateExtentReport()[pri:0, instance:bdd.ups.runner.UpsTestRunner@14ec4505]" started-at="2020-05-16T12:23:54Z" name="generateExtentReport" finished-at="2020-05-16T12:23:54Z" duration-ms="210" status="PASS">
          <reporter-output>
          </reporter-output>
        </test-method> <!-- generateExtentReport -->
        <test-method is-config="true" signature="tearDownClass()[pri:0, instance:bdd.ups.runner.UpsTestRunner@14ec4505]" started-at="2020-05-16T12:23:54Z" name="tearDownClass" finished-at="2020-05-16T12:23:56Z" duration-ms="1118" status="PASS">
          <reporter-output>
          </reporter-output>
        </test-method> <!-- tearDownClass -->
      </class> <!-- bdd.ups.runner.UpsTestRunner -->
    </test> <!-- Test -->
  </suite> <!-- Suite -->
</testng-results>
